Determining if the pthread_create exist failed with the following output:
Change Dir: /home/xcy/graph_sw_localization/src/graph_localization/cmake-build-debug/CMakeFiles/CMakeTmp

Run Build Command(s):/usr/bin/make cmTC_0ce1b/fast 
/usr/bin/make -f CMakeFiles/cmTC_0ce1b.dir/build.make CMakeFiles/cmTC_0ce1b.dir/build
make[1]: Entering directory '/home/xcy/graph_sw_localization/src/graph_localization/cmake-build-debug/CMakeFiles/CMakeTmp'
Building C object CMakeFiles/cmTC_0ce1b.dir/CheckSymbolExists.c.o
/usr/bin/cc    -o CMakeFiles/cmTC_0ce1b.dir/CheckSymbolExists.c.o   -c /home/xcy/graph_sw_localization/src/graph_localization/cmake-build-debug/CMakeFiles/CMakeTmp/CheckSymbolExists.c
Linking C executable cmTC_0ce1b
/home/xcy/softWare/clion-2019.1.1/bin/cmake/linux/bin/cmake -E cmake_link_script CMakeFiles/cmTC_0ce1b.dir/link.txt --verbose=1
/usr/bin/cc      -rdynamic CMakeFiles/cmTC_0ce1b.dir/CheckSymbolExists.c.o  -o cmTC_0ce1b 
CMakeFiles/cmTC_0ce1b.dir/CheckSymbolExists.c.o：在函数‘main’中：
CheckSymbolExists.c:(.text+0x16)：对‘pthread_create’未定义的引用
collect2: error: ld returned 1 exit status
CMakeFiles/cmTC_0ce1b.dir/build.make:86: recipe for target 'cmTC_0ce1b' failed
make[1]: *** [cmTC_0ce1b] Error 1
make[1]: Leaving directory '/home/xcy/graph_sw_localization/src/graph_localization/cmake-build-debug/CMakeFiles/CMakeTmp'
Makefile:121: recipe for target 'cmTC_0ce1b/fast' failed
make: *** [cmTC_0ce1b/fast] Error 2

File /home/xcy/graph_sw_localization/src/graph_localization/cmake-build-debug/CMakeFiles/CMakeTmp/CheckSymbolExists.c:
/* */
#include <pthread.h>

int main(int argc, char** argv)
{
  (void)argv;
#ifndef pthread_create
  return ((int*)(&pthread_create))[argc];
#else
  (void)argc;
  return 0;
#endif
}

Determining if the function pthread_create exists in the pthreads failed with the following output:
Change Dir: /home/xcy/graph_sw_localization/src/graph_localization/cmake-build-debug/CMakeFiles/CMakeTmp

Run Build Command(s):/usr/bin/make cmTC_fd487/fast 
/usr/bin/make -f CMakeFiles/cmTC_fd487.dir/build.make CMakeFiles/cmTC_fd487.dir/build
make[1]: Entering directory '/home/xcy/graph_sw_localization/src/graph_localization/cmake-build-debug/CMakeFiles/CMakeTmp'
Building C object CMakeFiles/cmTC_fd487.dir/CheckFunctionExists.c.o
/usr/bin/cc   -DCHECK_FUNCTION_EXISTS=pthread_create   -o CMakeFiles/cmTC_fd487.dir/CheckFunctionExists.c.o   -c /home/xcy/softWare/clion-2019.1.1/bin/cmake/linux/share/cmake-3.14/Modules/CheckFunctionExists.c
Linking C executable cmTC_fd487
/home/xcy/softWare/clion-2019.1.1/bin/cmake/linux/bin/cmake -E cmake_link_script CMakeFiles/cmTC_fd487.dir/link.txt --verbose=1
/usr/bin/cc  -DCHECK_FUNCTION_EXISTS=pthread_create    -rdynamic CMakeFiles/cmTC_fd487.dir/CheckFunctionExists.c.o  -o cmTC_fd487 -lpthreads 
/usr/bin/ld: 找不到 -lpthreads
collect2: error: ld returned 1 exit status
CMakeFiles/cmTC_fd487.dir/build.make:86: recipe for target 'cmTC_fd487' failed
make[1]: *** [cmTC_fd487] Error 1
make[1]: Leaving directory '/home/xcy/graph_sw_localization/src/graph_localization/cmake-build-debug/CMakeFiles/CMakeTmp'
Makefile:121: recipe for target 'cmTC_fd487/fast' failed
make: *** [cmTC_fd487/fast] Error 2


